  Entity.cpp
  Game.cpp
  JARP Game Engine.cpp
  LightMapNode.cpp
  LightSource.cpp
  SceneNode.cpp
  World.cpp
Game.obj : error LNK2001: unresolved external symbol "__declspec(dllimport) class sf::Time & __cdecl sf::operator+=(class sf::Time &,class sf::Time)" (__imp_??Ysf@@YAAAVTime@0@AAV10@V10@@Z)
Game.obj : error LNK2001: unresolved external symbol "__declspec(dllimport) public: class sf::Time __thiscall sf::Clock::restart(void)" (__imp_?restart@Clock@sf@@QAE?AVTime@2@XZ)
Game.obj : error LNK2001: unresolved external symbol "__declspec(dllimport) public: __thiscall sf::Clock::Clock(void)" (__imp_??0Clock@sf@@QAE@XZ)
Game.obj : error LNK2001: unresolved external symbol "__declspec(dllimport) public: static class sf::Time const sf::Time::Zero" (__imp_?Zero@Time@sf@@2V12@B)
Game.obj : error LNK2001: unresolved external symbol "__declspec(dllimport) class sf::Time __cdecl sf::seconds(float)" (__imp_?seconds@sf@@YA?AVTime@1@M@Z)
Game.obj : error LNK2001: unresolved external symbol "__declspec(dllimport) class sf::Time & __cdecl sf::operator-=(class sf::Time &,class sf::Time)" (__imp_??Zsf@@YAAAVTime@0@AAV10@V10@@Z)
Game.obj : error LNK2001: unresolved external symbol "__declspec(dllimport) public: virtual __thiscall sf::RenderWindow::~RenderWindow(void)" (__imp_??1RenderWindow@sf@@UAE@XZ)
Game.obj : error LNK2001: unresolved external symbol "__declspec(dllimport) public: __thiscall sf::RenderWindow::RenderWindow(class sf::VideoMode,class sf::String const &,unsigned int,struct sf::ContextSettings const &)" (__imp_??0RenderWindow@sf@@QAE@VVideoMode@1@ABVString@1@IABUContextSettings@1@@Z)
Game.obj : error LNK2001: unresolved external symbol "__declspec(dllimport) public: __thiscall sf::Color::Color(unsigned char,unsigned char,unsigned char,unsigned char)" (__imp_??0Color@sf@@QAE@EEEE@Z)
Game.obj : error LNK2001: unresolved external symbol "__declspec(dllimport) bool __cdecl sf::operator>(class sf::Time,class sf::Time)" (__imp_??Osf@@YA_NVTime@0@0@Z)
Game.obj : error LNK2001: unresolved external symbol "__declspec(dllimport) public: void __thiscall sf::Window::display(void)" (__imp_?display@Window@sf@@QAEXXZ)
Game.obj : error LNK2001: unresolved external symbol "__declspec(dllimport) public: void __thiscall sf::Window::setVerticalSyncEnabled(bool)" (__imp_?setVerticalSyncEnabled@Window@sf@@QAEX_N@Z)
Game.obj : error LNK2001: unresolved external symbol "__declspec(dllimport) public: bool __thiscall sf::Window::pollEvent(class sf::Event &)" (__imp_?pollEvent@Window@sf@@QAE_NAAVEvent@2@@Z)
Game.obj : error LNK2001: unresolved external symbol "__declspec(dllimport) public: bool __thiscall sf::Window::isOpen(void)const " (__imp_?isOpen@Window@sf@@QBE_NXZ)
Game.obj : error LNK2001: unresolved external symbol "__declspec(dllimport) public: void __thiscall sf::Window::close(void)" (__imp_?close@Window@sf@@QAEXXZ)
Game.obj : error LNK2001: unresolved external symbol "__declspec(dllimport) public: void __thiscall sf::RenderTarget::clear(class sf::Color const &)" (__imp_?clear@RenderTarget@sf@@QAEXABVColor@2@@Z)
Game.obj : error LNK2001: unresolved external symbol "__declspec(dllimport) public: __thiscall sf::String::String(char const *,class std::locale const &)" (__imp_??0String@sf@@QAE@PBDABVlocale@std@@@Z)
Game.obj : error LNK2001: unresolved external symbol "__declspec(dllimport) public: __thiscall sf::VideoMode::VideoMode(unsigned int,unsigned int,unsigned int)" (__imp_??0VideoMode@sf@@QAE@III@Z)
Game.obj : error LNK2001: unresolved external symbol "__declspec(dllimport) public: __thiscall sf::String::~String(void)" (__imp_??1String@sf@@QAE@XZ)
LightMapNode.obj : error LNK2001: unresolved external symbol "__declspec(dllimport) public: static class sf::Color const sf::Color::Black" (__imp_?Black@Color@sf@@2V12@B)
LightMapNode.obj : error LNK2001: unresolved external symbol "__declspec(dllimport) public: bool __thiscall sf::RenderTexture::create(unsigned int,unsigned int,struct sf::ContextSettings const &)" (__imp_?create@RenderTexture@sf@@QAE_NIIABUContextSettings@2@@Z)
LightMapNode.obj : error LNK2001: unresolved external symbol "__declspec(dllimport) public: virtual __thiscall sf::RenderTexture::~RenderTexture(void)" (__imp_??1RenderTexture@sf@@UAE@XZ)
LightMapNode.obj : error LNK2001: unresolved external symbol "__declspec(dllimport) public: __thiscall sf::RenderTexture::RenderTexture(void)" (__imp_??0RenderTexture@sf@@QAE@XZ)
LightSource.obj : error LNK2001: unresolved external symbol "__declspec(dllimport) public: class sf::Vertex & __thiscall sf::VertexArray::operator[](unsigned int)" (__imp_??AVertexArray@sf@@QAEAAVVertex@1@I@Z)
LightSource.obj : error LNK2001: unresolved external symbol "__declspec(dllimport) public: __thiscall sf::VertexArray::VertexArray(enum sf::PrimitiveType,unsigned int)" (__imp_??0VertexArray@sf@@QAE@W4PrimitiveType@1@I@Z)
LightSource.obj : error LNK2001: unresolved external symbol "__declspec(dllimport) public: static class sf::Color const sf::Color::Transparent" (__imp_?Transparent@Color@sf@@2V12@B)
LightSource.obj : error LNK2001: unresolved external symbol "__declspec(dllimport) public: void __thiscall sf::RenderTarget::draw(class sf::Drawable const &,class sf::RenderStates const &)" (__imp_?draw@RenderTarget@sf@@QAEXABVDrawable@2@ABVRenderStates@2@@Z)
LightSource.obj : error LNK2001: unresolved external symbol "__declspec(dllimport) public: virtual __thiscall sf::VertexArray::~VertexArray(void)" (__imp_??1VertexArray@sf@@UAE@XZ)
SceneNode.obj : error LNK2001: unresolved external symbol "__declspec(dllimport) public: class sf::Transform const & __thiscall sf::Transformable::getTransform(void)const " (__imp_?getTransform@Transformable@sf@@QBEABVTransform@2@XZ)
SceneNode.obj : error LNK2001: unresolved external symbol "__declspec(dllimport) public: virtual __thiscall sf::Transformable::~Transformable(void)" (__imp_??1Transformable@sf@@UAE@XZ)
SceneNode.obj : error LNK2001: unresolved external symbol "__declspec(dllimport) public: __thiscall sf::Transformable::Transformable(void)" (__imp_??0Transformable@sf@@QAE@XZ)
SceneNode.obj : error LNK2001: unresolved external symbol "__declspec(dllimport) class sf::Transform & __cdecl sf::operator*=(class sf::Transform &,class sf::Transform const &)" (__imp_??Xsf@@YAAAVTransform@0@AAV10@ABV10@@Z)
SceneNode.obj : error LNK2001: unresolved external symbol "__declspec(dllimport) public: __thiscall sf::Drawable::Drawable(void)" (__imp_??0Drawable@sf@@QAE@XZ)
SceneNode.obj : error LNK2001: unresolved external symbol "__declspec(dllimport) public: virtual __thiscall sf::Drawable::~Drawable(void)" (__imp_??1Drawable@sf@@UAE@XZ)
SceneNode.obj : error LNK2001: unresolved external symbol "__declspec(dllimport) protected: __thiscall sf::NonCopyable::~NonCopyable(void)" (__imp_??1NonCopyable@sf@@IAE@XZ)
SceneNode.obj : error LNK2001: unresolved external symbol "__declspec(dllimport) protected: __thiscall sf::NonCopyable::NonCopyable(void)" (__imp_??0NonCopyable@sf@@IAE@XZ)
World.obj : error LNK2001: unresolved external symbol "__declspec(dllimport) public: static class sf::RenderStates const sf::RenderStates::Default" (__imp_?Default@RenderStates@sf@@2V12@B)
World.obj : error LNK2001: unresolved external symbol "__declspec(dllimport) public: static class sf::Color const sf::Color::White" (__imp_?White@Color@sf@@2V12@B)
World.obj : error LNK2001: unresolved external symbol "__declspec(dllimport) public: static class sf::Color const sf::Color::Green" (__imp_?Green@Color@sf@@2V12@B)
C:\Users\allen\Desktop\JARP-Game-Engine-master\Release\JARP Game Engine.exe : fatal error LNK1120: 39 unresolved externals
